0 info it worked if it ends with ok
1 verbose cli [ 'C:\\Program Files\\nodejs\\\\node.exe',
1 verbose cli   'C:\\Program Files\\nodejs\\node_modules\\npm\\bin\\npm-cli.js',
1 verbose cli   'publish' ]
2 info using npm@1.2.25
3 info using node@v0.10.10
4 verbose node symlink C:\Program Files\nodejs\\node.exe
5 verbose publish [ '.' ]
6 verbose read json C:\projects\aspnet-formsauthentication-js\package.json
7 verbose cache add [ '.', null ]
8 verbose cache add name=undefined spec="." args=[".",null]
9 verbose parsed url { protocol: null,
9 verbose parsed url   slashes: null,
9 verbose parsed url   auth: null,
9 verbose parsed url   host: null,
9 verbose parsed url   port: null,
9 verbose parsed url   hostname: null,
9 verbose parsed url   hash: null,
9 verbose parsed url   search: null,
9 verbose parsed url   query: null,
9 verbose parsed url   pathname: '.',
9 verbose parsed url   path: '.',
9 verbose parsed url   href: '.' }
10 silly lockFile 3a52ce78- .
11 verbose lock . C:\Users\leblond\AppData\Roaming\npm-cache\3a52ce78-.lock
12 verbose read json package.json
13 verbose tar pack [ 'C:\\Users\\leblond\\AppData\\Local\\Temp\\npm-11136\\1377550906533-0.6156718363054097\\tmp.tgz',
13 verbose tar pack   '.' ]
14 verbose tarball C:\Users\leblond\AppData\Local\Temp\npm-11136\1377550906533-0.6156718363054097\tmp.tgz
15 verbose folder .
16 info prepublish aspnet-formsauthentication@0.0.2
17 silly lockFile 3a52ce78- .
18 verbose lock . C:\Users\leblond\AppData\Roaming\npm-cache\3a52ce78-.lock
19 silly lockFile fe31de28-06533-0-6156718363054097-tmp-tgz C:\Users\leblond\AppData\Local\Temp\npm-11136\1377550906533-0.6156718363054097\tmp.tgz
20 verbose lock C:\Users\leblond\AppData\Local\Temp\npm-11136\1377550906533-0.6156718363054097\tmp.tgz C:\Users\leblond\AppData\Roaming\npm-cache\fe31de28-06533-0-6156718363054097-tmp-tgz.lock
21 silly lockFile 3a52ce78- .
22 silly lockFile 3a52ce78- .
23 silly lockFile fe31de28-06533-0-6156718363054097-tmp-tgz C:\Users\leblond\AppData\Local\Temp\npm-11136\1377550906533-0.6156718363054097\tmp.tgz
24 silly lockFile fe31de28-06533-0-6156718363054097-tmp-tgz C:\Users\leblond\AppData\Local\Temp\npm-11136\1377550906533-0.6156718363054097\tmp.tgz
25 verbose tar unpack C:\Users\leblond\AppData\Local\Temp\npm-11136\1377550906533-0.6156718363054097\tmp.tgz
26 silly lockFile 5cc49e76-06533-0-6156718363054097-package C:\Users\leblond\AppData\Local\Temp\npm-11136\1377550906533-0.6156718363054097\package
27 verbose lock C:\Users\leblond\AppData\Local\Temp\npm-11136\1377550906533-0.6156718363054097\package C:\Users\leblond\AppData\Roaming\npm-cache\5cc49e76-06533-0-6156718363054097-package.lock
28 silly lockFile fe31de28-06533-0-6156718363054097-tmp-tgz C:\Users\leblond\AppData\Local\Temp\npm-11136\1377550906533-0.6156718363054097\tmp.tgz
29 verbose lock C:\Users\leblond\AppData\Local\Temp\npm-11136\1377550906533-0.6156718363054097\tmp.tgz C:\Users\leblond\AppData\Roaming\npm-cache\fe31de28-06533-0-6156718363054097-tmp-tgz.lock
30 silly gunzTarPerm modes [ '755', '644' ]
31 silly gunzTarPerm extractEntry package.json
32 silly gunzTarPerm modified mode [ 'package.json', 438, 420 ]
33 silly gunzTarPerm extractEntry .npmignore
34 silly gunzTarPerm modified mode [ '.npmignore', 438, 420 ]
35 silly gunzTarPerm extractEntry README.md
36 silly gunzTarPerm modified mode [ 'README.md', 438, 420 ]
37 silly gunzTarPerm extractEntry LICENSE
38 silly gunzTarPerm modified mode [ 'LICENSE', 438, 420 ]
39 silly gunzTarPerm extractEntry formsauthentication.js
40 silly gunzTarPerm modified mode [ 'formsauthentication.js', 438, 420 ]
41 silly gunzTarPerm extractEntry lib/BufferReader.js
42 silly gunzTarPerm modified mode [ 'lib/BufferReader.js', 438, 420 ]
43 silly gunzTarPerm extractEntry lib/BufferWriter.js
44 silly gunzTarPerm modified mode [ 'lib/BufferWriter.js', 438, 420 ]
45 verbose read json C:\Users\leblond\AppData\Local\Temp\npm-11136\1377550906533-0.6156718363054097\package\package.json
46 silly lockFile 5cc49e76-06533-0-6156718363054097-package C:\Users\leblond\AppData\Local\Temp\npm-11136\1377550906533-0.6156718363054097\package
47 silly lockFile 5cc49e76-06533-0-6156718363054097-package C:\Users\leblond\AppData\Local\Temp\npm-11136\1377550906533-0.6156718363054097\package
48 silly lockFile fe31de28-06533-0-6156718363054097-tmp-tgz C:\Users\leblond\AppData\Local\Temp\npm-11136\1377550906533-0.6156718363054097\tmp.tgz
49 silly lockFile fe31de28-06533-0-6156718363054097-tmp-tgz C:\Users\leblond\AppData\Local\Temp\npm-11136\1377550906533-0.6156718363054097\tmp.tgz
50 verbose from cache C:\Users\leblond\AppData\Local\Temp\npm-11136\1377550906533-0.6156718363054097\package\package.json
51 verbose tar pack [ 'C:\\Users\\leblond\\AppData\\Roaming\\npm-cache\\aspnet-formsauthentication\\0.0.2\\package.tgz',
51 verbose tar pack   'C:\\Users\\leblond\\AppData\\Local\\Temp\\npm-11136\\1377550906533-0.6156718363054097\\package' ]
52 verbose tarball C:\Users\leblond\AppData\Roaming\npm-cache\aspnet-formsauthentication\0.0.2\package.tgz
53 verbose folder C:\Users\leblond\AppData\Local\Temp\npm-11136\1377550906533-0.6156718363054097\package
54 silly lockFile 5cc49e76-06533-0-6156718363054097-package C:\Users\leblond\AppData\Local\Temp\npm-11136\1377550906533-0.6156718363054097\package
55 verbose lock C:\Users\leblond\AppData\Local\Temp\npm-11136\1377550906533-0.6156718363054097\package C:\Users\leblond\AppData\Roaming\npm-cache\5cc49e76-06533-0-6156718363054097-package.lock
56 silly lockFile 0bf40ee7-authentication-0-0-2-package-tgz C:\Users\leblond\AppData\Roaming\npm-cache\aspnet-formsauthentication\0.0.2\package.tgz
57 verbose lock C:\Users\leblond\AppData\Roaming\npm-cache\aspnet-formsauthentication\0.0.2\package.tgz C:\Users\leblond\AppData\Roaming\npm-cache\0bf40ee7-authentication-0-0-2-package-tgz.lock
58 silly lockFile 5cc49e76-06533-0-6156718363054097-package C:\Users\leblond\AppData\Local\Temp\npm-11136\1377550906533-0.6156718363054097\package
59 silly lockFile 5cc49e76-06533-0-6156718363054097-package C:\Users\leblond\AppData\Local\Temp\npm-11136\1377550906533-0.6156718363054097\package
60 silly lockFile 0bf40ee7-authentication-0-0-2-package-tgz C:\Users\leblond\AppData\Roaming\npm-cache\aspnet-formsauthentication\0.0.2\package.tgz
61 silly lockFile 0bf40ee7-authentication-0-0-2-package-tgz C:\Users\leblond\AppData\Roaming\npm-cache\aspnet-formsauthentication\0.0.2\package.tgz
62 silly lockFile 7d892057-ormsauthentication-0-0-2-package C:\Users\leblond\AppData\Roaming\npm-cache\aspnet-formsauthentication\0.0.2\package
63 verbose lock C:\Users\leblond\AppData\Roaming\npm-cache\aspnet-formsauthentication\0.0.2\package C:\Users\leblond\AppData\Roaming\npm-cache\7d892057-ormsauthentication-0-0-2-package.lock
64 silly lockFile 7d892057-ormsauthentication-0-0-2-package C:\Users\leblond\AppData\Roaming\npm-cache\aspnet-formsauthentication\0.0.2\package
65 silly lockFile 7d892057-ormsauthentication-0-0-2-package C:\Users\leblond\AppData\Roaming\npm-cache\aspnet-formsauthentication\0.0.2\package
66 verbose tar unpack C:\Users\leblond\AppData\Roaming\npm-cache\aspnet-formsauthentication\0.0.2\package.tgz
67 silly lockFile 7d892057-ormsauthentication-0-0-2-package C:\Users\leblond\AppData\Roaming\npm-cache\aspnet-formsauthentication\0.0.2\package
68 verbose lock C:\Users\leblond\AppData\Roaming\npm-cache\aspnet-formsauthentication\0.0.2\package C:\Users\leblond\AppData\Roaming\npm-cache\7d892057-ormsauthentication-0-0-2-package.lock
69 silly lockFile 0bf40ee7-authentication-0-0-2-package-tgz C:\Users\leblond\AppData\Roaming\npm-cache\aspnet-formsauthentication\0.0.2\package.tgz
70 verbose lock C:\Users\leblond\AppData\Roaming\npm-cache\aspnet-formsauthentication\0.0.2\package.tgz C:\Users\leblond\AppData\Roaming\npm-cache\0bf40ee7-authentication-0-0-2-package-tgz.lock
71 silly gunzTarPerm modes [ '755', '644' ]
72 silly gunzTarPerm extractEntry package.json
73 silly gunzTarPerm modified mode [ 'package.json', 438, 420 ]
74 silly gunzTarPerm extractEntry .npmignore
75 silly gunzTarPerm modified mode [ '.npmignore', 438, 420 ]
76 silly gunzTarPerm extractEntry README.md
77 silly gunzTarPerm modified mode [ 'README.md', 438, 420 ]
78 silly gunzTarPerm extractEntry LICENSE
79 silly gunzTarPerm modified mode [ 'LICENSE', 438, 420 ]
80 silly gunzTarPerm extractEntry formsauthentication.js
81 silly gunzTarPerm modified mode [ 'formsauthentication.js', 438, 420 ]
82 silly gunzTarPerm extractEntry lib/BufferReader.js
83 silly gunzTarPerm modified mode [ 'lib/BufferReader.js', 438, 420 ]
84 silly gunzTarPerm extractEntry lib/BufferWriter.js
85 silly gunzTarPerm modified mode [ 'lib/BufferWriter.js', 438, 420 ]
86 verbose read json C:\Users\leblond\AppData\Roaming\npm-cache\aspnet-formsauthentication\0.0.2\package\package.json
87 silly lockFile 7d892057-ormsauthentication-0-0-2-package C:\Users\leblond\AppData\Roaming\npm-cache\aspnet-formsauthentication\0.0.2\package
88 silly lockFile 7d892057-ormsauthentication-0-0-2-package C:\Users\leblond\AppData\Roaming\npm-cache\aspnet-formsauthentication\0.0.2\package
89 silly lockFile 0bf40ee7-authentication-0-0-2-package-tgz C:\Users\leblond\AppData\Roaming\npm-cache\aspnet-formsauthentication\0.0.2\package.tgz
90 silly lockFile 0bf40ee7-authentication-0-0-2-package-tgz C:\Users\leblond\AppData\Roaming\npm-cache\aspnet-formsauthentication\0.0.2\package.tgz
91 verbose from cache C:\Users\leblond\AppData\Roaming\npm-cache\aspnet-formsauthentication\0.0.2\package\package.json
92 verbose chmod C:\Users\leblond\AppData\Roaming\npm-cache\aspnet-formsauthentication\0.0.2\package.tgz 644
93 silly chown skipping for windows C:\Users\leblond\AppData\Roaming\npm-cache\aspnet-formsauthentication\0.0.2\package.tgz
94 silly lockFile 3a52ce78- .
95 silly publish { name: 'aspnet-formsauthentication',
95 silly publish   version: '0.0.2',
95 silly publish   description: 'A minimal JavaScript implementation of ASP.NET FormsAuthentication Encrypt() and Decrypt() methods',
95 silly publish   contributors: [ { name: 'Philippe Leblond', email: 'philippe.leblond@cbd.int' } ],
95 silly publish   homepage: 'https://github.com/scbd/aspnet-formsauthentication-js',
95 silly publish   bugs: { url: 'https://github.com/scbd/aspnet-formsauthentication-js/issues' },
95 silly publish   keywords: [ 'authentication', 'asp.net' ],
95 silly publish   repository:
95 silly publish    { type: 'git',
95 silly publish      url: 'git@github.com:scbd/aspnet-formsauthentication-js.git' },
95 silly publish   main: 'formsauthentication.js',
95 silly publish   license: 'MIT',
95 silly publish   readme: 'aspnet-formsauthentication-js\r\n=============================\r\n\r\nA minimal JavaScript implementation of ASP.NET FormsAuthentication Encrypt() and Decrypt() methods.\r\n',
95 silly publish   readmeFilename: 'README.md',
95 silly publish   _id: 'aspnet-formsauthentication@0.0.2',
95 silly publish   dist: { shasum: 'd0cffdc0ccf6cee114f09f381c388f0af49fb74b' },
95 silly publish   _from: '.' }
96 verbose url raw aspnet-formsauthentication
97 verbose url resolving [ 'https://registry.npmjs.org/',
97 verbose url resolving   './aspnet-formsauthentication' ]
98 verbose url resolved https://registry.npmjs.org/aspnet-formsauthentication
99 info trying registry request attempt 1 at 17:02:46
100 http PUT https://registry.npmjs.org/aspnet-formsauthentication
101 http 409 https://registry.npmjs.org/aspnet-formsauthentication
102 verbose url raw aspnet-formsauthentication
103 verbose url resolving [ 'https://registry.npmjs.org/',
103 verbose url resolving   './aspnet-formsauthentication' ]
104 verbose url resolved https://registry.npmjs.org/aspnet-formsauthentication
105 info trying registry request attempt 1 at 17:02:46
106 http GET https://registry.npmjs.org/aspnet-formsauthentication
107 http 200 https://registry.npmjs.org/aspnet-formsauthentication
108 error publish fail Cannot publish over existing version.
108 error publish fail Update the 'version' field in package.json and try again.
108 error publish fail
108 error publish fail If the previous version was published in error, see:
108 error publish fail     npm help unpublish
108 error publish fail
108 error publish fail To automatically increment version numbers, see:
108 error publish fail     npm help version
109 error System Windows_NT 6.1.7601
110 error command "C:\\Program Files\\nodejs\\\\node.exe" "C:\\Program Files\\nodejs\\node_modules\\npm\\bin\\npm-cli.js" "publish"
111 error cwd C:\projects\aspnet-formsauthentication-js
112 error node -v v0.10.10
113 error npm -v 1.2.25
114 error code EPUBLISHCONFLICT
115 verbose exit [ 1, true ]
